#
# A fatal error has been detected by the Java Runtime Environment:
#
#  EXCEPTION_ACCESS_VIOLATION (0xc0000005) at pc=0x00007fff44ab7305, pid=8552, tid=2272
#
# JRE version: Java(TM) SE Runtime Environment (11.0.2+9) (build 11.0.2+9-LTS)
# Java VM: Java HotSpot(TM) 64-Bit Server VM (11.0.2+9-LTS, mixed mode, tiered, compressed oops, g1 gc, windows-amd64)
# Problematic frame:
# V  [jvm.dll+0x5e7305]
#
# No core dump will be written. Minidumps are not enabled by default on client versions of Windows
#
# If you would like to submit a bug report, please visit:
#   http://bugreport.java.com/bugreport/crash.jsp
#

---------------  S U M M A R Y ------------

Command Line: -agentpath:D:/netbeans/profiler/lib/deployed/jdk16/windows-amd64/profilerinterface.dll=D:\netbeans\profiler\lib,5140,10 -XX:+HeapDumpOnOutOfMemoryError -XX:HeapDumpPath=D:\Sam\Pictures\Mane Game\ManeGame\nbproject\private\profiler com.manegame.NewUserForm

Host: Intel(R) Core(TM) i7-8750H CPU @ 2.20GHz, 12 cores, 7G,  Windows 10 , 64 bit Build 17763 (10.0.17763.475)
Time: Sat Jun 22 21:11:44 2019 Eastern Daylight Time elapsed time: 1 seconds (0d 0h 0m 1s)

---------------  T H R E A D  ---------------

Current thread (0x000002117cd8d000):  JavaThread "*** Profiler Agent Communication Thread" daemon [_thread_in_vm, id=2272, stack(0x0000007a18300000,0x0000007a18400000)]

Stack: [0x0000007a18300000,0x0000007a18400000],  sp=0x0000007a183feec0,  free space=1019k
Native frames: (J=compiled Java code, j=interpreted, Vv=VM code, C=native code)
V  [jvm.dll+0x5e7305]
V  [jvm.dll+0x4a8e20]
C  [profilerinterface.dll+0x34da]

Java frames: (J=compiled Java code, j=interpreted, Vv=VM code)
j  org.netbeans.lib.profiler.server.system.Stacks.getMethodNamesForJMethodIds(I[I[I)[B+0
j  org.netbeans.lib.profiler.server.ProfilerInterface.getMethodNamesForJMethodIds([I)Lorg/netbeans/lib/profiler/wireprotocol/MethodNamesResponse;+20
j  org.netbeans.lib.profiler.server.ProfilerServer.handleClientCommand(Lorg/netbeans/lib/profiler/wireprotocol/Command;)V+691
j  org.netbeans.lib.profiler.server.ProfilerServer.listenToClient()V+48
j  org.netbeans.lib.profiler.server.ProfilerServer.run()V+22
v  ~StubRoutines::call_stub

siginfo: EXCEPTION_ACCESS_VIOLATION (0xc0000005), reading address 0x000000007def1628


Register to memory mapping:

RIP=0x00007fff44ab7305 jvm.dll
RAX=0x0000007a183fef01 is pointing into the stack for thread: 0x000002117cd8d000
RBX=0x000002117cd8d000 is a thread
RCX=0x000000007def1628 is an unknown value
RDX=0x000002117cd8d000 is a thread
RSP=0x0000007a183feec0 is pointing into the stack for thread: 0x000002117cd8d000
RBP=0x000000007def1628 is an unknown value
RSI=0x000002115b0dbd60 points into unknown readable memory: a0 22 ed 44 ff 7f 00 00
RDI=0x0000007a183fefe0 is pointing into the stack for thread: 0x000002117cd8d000
R8 =0x0000007a183fefe0 is pointing into the stack for thread: 0x000002117cd8d000
R9 =0x00000000000045d8 is an unknown value
R10=0x0000000000000001 is an unknown value
R11=0x0000007a183feeb8 is pointing into the stack for thread: 0x000002117cd8d000
R12=0x0000021100c036a0 points into unknown readable memory: 28 16 ef 3d 18 f0 ee 3d
R13=0x00000000000001bf is an unknown value
R14=0x00007fffa6df9c68 profilerinterface.dll
R15=0x00007fffa6df9a60 profilerinterface.dll


Registers:
RAX=0x0000007a183fef01, RBX=0x000002117cd8d000, RCX=0x000000007def1628, RDX=0x000002117cd8d000
RSP=0x0000007a183feec0, RBP=0x000000007def1628, RSI=0x000002115b0dbd60, RDI=0x0000007a183fefe0
R8 =0x0000007a183fefe0, R9 =0x00000000000045d8, R10=0x0000000000000001, R11=0x0000007a183feeb8
R12=0x0000021100c036a0, R13=0x00000000000001bf, R14=0x00007fffa6df9c68, R15=0x00007fffa6df9a60
RIP=0x00007fff44ab7305, EFLAGS=0x0000000000010206

Top of Stack: (sp=0x0000007a183feec0)
0x0000007a183feec0:   000002117cd8d000 00007fff448b12ed
0x0000007a183feed0:   000002117cd8d000 0000007a183ff098
0x0000007a183feee0:   000002117cd8d000 00007fff44978e20
0x0000007a183feef0:   000002117cd8d000 000002117cd8d000
0x0000007a183fef00:   000002117cd8d340 00007fffacc29db0
0x0000007a183fef10:   000002117cd8d000 0000000000000000
0x0000007a183fef20:   0000021100000000 0000000000000000
0x0000007a183fef30:   000000007def1628 00007fffa6df34da
0x0000007a183fef40:   000002117cd8d000 0000000000000000
0x0000007a183fef50:   000002117cd8d340 0000000000200021
0x0000007a183fef60:   0000021100c036a0 00007fff44859f63
0x0000007a183fef70:   0000007a183ff5b0 0000000000200021
0x0000007a183fef80:   0000000000200021 00000211656fbeb7
0x0000007a183fef90:   000002117e1243f0 000002117cd8d000
0x0000007a183fefa0:   000002117cd8d000 000002117e1243f0
0x0000007a183fefb0:   0000000000000000 00000211656b9840 

Instructions: (pc=0x00007fff44ab7305)
0x00007fff44ab72e5:   cc cc cc cc cc cc cc cc cc cc cc 48 83 ec 28 48
0x00007fff44ab72f5:   85 c9 75 07 33 c0 48 83 c4 28 c3 48 89 5c 24 20
0x00007fff44ab7305:   48 8b 19 48 85 db 74 20 48 83 fb 37 74 1a 48 8b
0x00007fff44ab7315:   13 48 8b cb ff 52 10 84 c0 74 0d 48 8b c3 48 8b 


Stack slot to memory mapping:
stack at sp + 0 slots: 0x000002117cd8d000 is a thread
stack at sp + 1 slots: 0x00007fff448b12ed jvm.dll
stack at sp + 2 slots: 0x000002117cd8d000 is a thread
stack at sp + 3 slots: 0x0000007a183ff098 is pointing into the stack for thread: 0x000002117cd8d000
stack at sp + 4 slots: 0x000002117cd8d000 is a thread
stack at sp + 5 slots: 0x00007fff44978e20 jvm.dll
stack at sp + 6 slots: 0x000002117cd8d000 is a thread
stack at sp + 7 slots: 0x000002117cd8d000 is a thread


---------------  P R O C E S S  ---------------

Threads class SMR info:
_java_thread_list=0x000002117d962960, length=19, elements={
0x000002117c2e3000, 0x000002117c2ed800, 0x000002117cb79800, 0x000002117cb7c800,
0x000002117cb7f800, 0x000002117cb24800, 0x000002117cb25800, 0x000002117ccfa000,
0x000002117cd8d000, 0x000002117ce7f800, 0x000002117ce80000, 0x000002117d981800,
0x000002117d984000, 0x000002117de0e800, 0x000002117da83000, 0x000002117dd05800,
0x000002117eea1800, 0x000002115d386800, 0x000002117ee9e000
}

Java Threads: ( => current thread )
  0x000002117c2e3000 JavaThread "Reference Handler" daemon [_thread_blocked, id=2904, stack(0x0000007a17b00000,0x0000007a17c00000)]
  0x000002117c2ed800 JavaThread "Finalizer" daemon [_thread_blocked, id=2556, stack(0x0000007a17c00000,0x0000007a17d00000)]
  0x000002117cb79800 JavaThread "Signal Dispatcher" daemon [_thread_blocked, id=6868, stack(0x0000007a17d00000,0x0000007a17e00000)]
  0x000002117cb7c800 JavaThread "Attach Listener" daemon [_thread_blocked, id=17412, stack(0x0000007a17e00000,0x0000007a17f00000)]
  0x000002117cb7f800 JavaThread "C2 CompilerThread0" daemon [_thread_blocked, id=14032, stack(0x0000007a17f00000,0x0000007a18000000)]
  0x000002117cb24800 JavaThread "C1 CompilerThread0" daemon [_thread_blocked, id=4756, stack(0x0000007a18000000,0x0000007a18100000)]
  0x000002117cb25800 JavaThread "Sweeper thread" daemon [_thread_blocked, id=2132, stack(0x0000007a18100000,0x0000007a18200000)]
  0x000002117ccfa000 JavaThread "Common-Cleaner" daemon [_thread_blocked, id=8028, stack(0x0000007a18200000,0x0000007a18300000)]
=>0x000002117cd8d000 JavaThread "*** Profiler Agent Communication Thread" daemon [_thread_in_vm, id=2272, stack(0x0000007a18300000,0x0000007a18400000)]
  0x000002117ce7f800 JavaThread "*** JFluid Monitor thread ***" daemon [_thread_blocked, id=3116, stack(0x0000007a18400000,0x0000007a18500000)]
  0x000002117ce80000 JavaThread "*** Profiler Agent Special Execution Thread 6" daemon [_thread_blocked, id=11184, stack(0x0000007a18500000,0x0000007a18600000)]
  0x000002117d981800 JavaThread "*** Profiler Agent Special Execution Thread 10" daemon [_thread_blocked, id=10404, stack(0x0000007a18700000,0x0000007a18800000)]
  0x000002117d984000 JavaThread "Service Thread" daemon [_thread_blocked, id=18304, stack(0x0000007a18600000,0x0000007a18700000)]
  0x000002117de0e800 JavaThread "Java2D Disposer" daemon [_thread_blocked, id=13968, stack(0x0000007a18a00000,0x0000007a18b00000)]
  0x000002117da83000 JavaThread "AWT-Shutdown" [_thread_blocked, id=5768, stack(0x0000007a18b00000,0x0000007a18c00000)]
  0x000002117dd05800 JavaThread "AWT-Windows" daemon [_thread_in_native, id=1304, stack(0x0000007a18c00000,0x0000007a18d00000)]
  0x000002117eea1800 JavaThread "AWT-EventQueue-0" [_thread_blocked, id=964, stack(0x0000007a18d00000,0x0000007a18e00000)]
  0x000002115d386800 JavaThread "DestroyJavaVM" [_thread_blocked, id=3500, stack(0x0000007a17400000,0x0000007a17500000)]
  0x000002117ee9e000 JavaThread "TimerQueue" daemon [_thread_blocked, id=15888, stack(0x0000007a19800000,0x0000007a19900000)]

Other Threads:
  0x000002117c2e1800 VMThread "VM Thread" [stack: 0x0000007a17a00000,0x0000007a17b00000] [id=14016]
  0x000002117d951000 WatcherThread [stack: 0x0000007a18800000,0x0000007a18900000] [id=19180]
  0x000002115d3a0800 GCTaskThread "GC Thread#0" [stack: 0x0000007a17500000,0x0000007a17600000] [id=11028]
  0x000002117ed5b000 GCTaskThread "GC Thread#1" [stack: 0x0000007a19100000,0x0000007a19200000] [id=13192]
  0x000002117ed5b800 GCTaskThread "GC Thread#2" [stack: 0x0000007a19200000,0x0000007a19300000] [id=7944]
  0x000002117ed5c000 GCTaskThread "GC Thread#3" [stack: 0x0000007a19300000,0x0000007a19400000] [id=5192]
  0x000002117de00800 GCTaskThread "GC Thread#4" [stack: 0x0000007a19400000,0x0000007a19500000] [id=4840]
  0x000002117de01000 GCTaskThread "GC Thread#5" [stack: 0x0000007a19500000,0x0000007a19600000] [id=2812]
  0x000002115d3d0800 ConcurrentGCThread "G1 Main Marker" [stack: 0x0000007a17600000,0x0000007a17700000] [id=13984]
  0x000002115d3d2800 ConcurrentGCThread "G1 Conc#0" [stack: 0x0000007a17700000,0x0000007a17800000] [id=19092]
  0x000002117cd97800 ConcurrentGCThread "G1 Conc#1" [stack: 0x0000007a19600000,0x0000007a19700000] [id=18016]
  0x000002117d916800 ConcurrentGCThread "G1 Conc#2" [stack: 0x0000007a19700000,0x0000007a19800000] [id=15652]
  0x000002117c14d800 ConcurrentGCThread "G1 Refine#0" [stack: 0x0000007a17800000,0x0000007a17900000] [id=16672]
  0x000002117c150800 ConcurrentGCThread "G1 Young RemSet Sampling" [stack: 0x0000007a17900000,0x0000007a17a00000] [id=15224]

Threads with active compile tasks:

VM state:synchronizing (normal execution)

VM Mutex/Monitor currently owned by a thread:  ([mutex/lock_event])
[0x000002115d384eb0] Threads_lock - owner thread: 0x000002117c2e1800

Heap address: 0x0000000083200000, size: 1998 MB, Compressed Oops mode: 32-bit
Narrow klass base: 0x0000000000000000, Narrow klass shift: 3
Compressed class space size: 1073741824 Address: 0x0000000100000000

Heap:
 garbage-first heap   total 129024K, used 11058K [0x0000000083200000, 0x0000000100000000)
  region size 1024K, 8 young (8192K), 3 survivors (3072K)
 Metaspace       used 21572K, capacity 22039K, committed 22140K, reserved 1069056K
  class space    used 2391K, capacity 2627K, committed 2684K, reserved 1048576K
Heap Regions: E=young(eden), S=young(survivor), O=old, HS=humongous(starts), HC=humongous(continues), CS=collection set, F=free, A=archive, TAMS=top-at-mark-start (previous, next)
|   0|0x0000000083200000, 0x0000000083300000, 0x0000000083300000|100%|HS|  |TAMS 0x0000000083300000, 0x0000000083200000| Complete 
|   1|0x0000000083300000, 0x0000000083400000, 0x0000000083400000|100%|HC|  |TAMS 0x0000000083400000, 0x0000000083300000| Complete 
|   2|0x0000000083400000, 0x0000000083500000, 0x0000000083500000|100%|HS|  |TAMS 0x0000000083500000, 0x0000000083400000| Complete 
|   3|0x0000000083500000, 0x00000000835cca00, 0x0000000083600000| 79%| O|  |TAMS 0x00000000835cca00, 0x0000000083500000| Untracked 
|   4|0x0000000083600000, 0x0000000083600000, 0x0000000083700000|  0%| F|  |TAMS 0x0000000083600000, 0x0000000083600000| Untracked 
|   5|0x0000000083700000, 0x0000000083700000, 0x0000000083800000|  0%| F|  |TAMS 0x0000000083700000, 0x0000000083700000| Untracked 
|   6|0x0000000083800000, 0x0000000083800000, 0x0000000083900000|  0%| F|  |TAMS 0x0000000083800000, 0x0000000083800000| Untracked 
|   7|0x0000000083900000, 0x0000000083900000, 0x0000000083a00000|  0%| F|  |TAMS 0x0000000083900000, 0x0000000083900000| Untracked 
|   8|0x0000000083a00000, 0x0000000083a00000, 0x0000000083b00000|  0%| F|  |TAMS 0x0000000083a00000, 0x0000000083a00000| Untracked 
|   9|0x0000000083b00000, 0x0000000083b00000, 0x0000000083c00000|  0%| F|  |TAMS 0x0000000083b00000, 0x0000000083b00000| Untracked 
|  10|0x0000000083c00000, 0x0000000083c00000, 0x0000000083d00000|  0%| F|  |TAMS 0x0000000083c00000, 0x0000000083c00000| Untracked 
|  11|0x0000000083d00000, 0x0000000083d00000, 0x0000000083e00000|  0%| F|  |TAMS 0x0000000083d00000, 0x0000000083d00000| Untracked 
|  12|0x0000000083e00000, 0x0000000083e00000, 0x0000000083f00000|  0%| F|  |TAMS 0x0000000083e00000, 0x0000000083e00000| Untracked 
|  13|0x0000000083f00000, 0x0000000083f00000, 0x0000000084000000|  0%| F|  |TAMS 0x0000000083f00000, 0x0000000083f00000| Untracked 
|  14|0x0000000084000000, 0x0000000084000000, 0x0000000084100000|  0%| F|  |TAMS 0x0000000084000000, 0x0000000084000000| Untracked 
|  15|0x0000000084100000, 0x0000000084100000, 0x0000000084200000|  0%| F|  |TAMS 0x0000000084100000, 0x0000000084100000| Untracked 
|  16|0x0000000084200000, 0x0000000084200000, 0x0000000084300000|  0%| F|  |TAMS 0x0000000084200000, 0x0000000084200000| Untracked 
|  17|0x0000000084300000, 0x0000000084300000, 0x0000000084400000|  0%| F|  |TAMS 0x0000000084300000, 0x0000000084300000| Untracked 
|  18|0x0000000084400000, 0x0000000084400000, 0x0000000084500000|  0%| F|  |TAMS 0x0000000084400000, 0x0000000084400000| Untracked 
|  19|0x0000000084500000, 0x0000000084500000, 0x0000000084600000|  0%| F|  |TAMS 0x0000000084500000, 0x0000000084500000| Untracked 
|  20|0x0000000084600000, 0x0000000084600000, 0x0000000084700000|  0%| F|  |TAMS 0x0000000084600000, 0x0000000084600000| Untracked 
|  21|0x0000000084700000, 0x0000000084700000, 0x0000000084800000|  0%| F|  |TAMS 0x0000000084700000, 0x0000000084700000| Untracked 
|  22|0x0000000084800000, 0x0000000084800000, 0x0000000084900000|  0%| F|  |TAMS 0x0000000084800000, 0x0000000084800000| Untracked 
|  23|0x0000000084900000, 0x0000000084900000, 0x0000000084a00000|  0%| F|  |TAMS 0x0000000084900000, 0x0000000084900000| Untracked 
|  24|0x0000000084a00000, 0x0000000084a00000, 0x0000000084b00000|  0%| F|  |TAMS 0x0000000084a00000, 0x0000000084a00000| Untracked 
|  25|0x0000000084b00000, 0x0000000084b00000, 0x0000000084c00000|  0%| F|  |TAMS 0x0000000084b00000, 0x0000000084b00000| Untracked 
|  26|0x0000000084c00000, 0x0000000084c00000, 0x0000000084d00000|  0%| F|  |TAMS 0x0000000084c00000, 0x0000000084c00000| Untracked 
|  27|0x0000000084d00000, 0x0000000084d00000, 0x0000000084e00000|  0%| F|  |TAMS 0x0000000084d00000, 0x0000000084d00000| Untracked 
|  28|0x0000000084e00000, 0x0000000084e00000, 0x0000000084f00000|  0%| F|  |TAMS 0x0000000084e00000, 0x0000000084e00000| Untracked 
|  29|0x0000000084f00000, 0x0000000084f00000, 0x0000000085000000|  0%| F|  |TAMS 0x0000000084f00000, 0x0000000084f00000| Untracked 
|  30|0x0000000085000000, 0x0000000085000000, 0x0000000085100000|  0%| F|  |TAMS 0x0000000085000000, 0x0000000085000000| Untracked 
|  31|0x0000000085100000, 0x0000000085100000, 0x0000000085200000|  0%| F|  |TAMS 0x0000000085100000, 0x0000000085100000| Untracked 
|  32|0x0000000085200000, 0x0000000085200000, 0x0000000085300000|  0%| F|  |TAMS 0x0000000085200000, 0x0000000085200000| Untracked 
|  33|0x0000000085300000, 0x0000000085300000, 0x0000000085400000|  0%| F|  |TAMS 0x0000000085300000, 0x0000000085300000| Untracked 
|  34|0x0000000085400000, 0x0000000085400000, 0x0000000085500000|  0%| F|  |TAMS 0x0000000085400000, 0x0000000085400000| Untracked 
|  35|0x0000000085500000, 0x0000000085500000, 0x0000000085600000|  0%| F|  |TAMS 0x0000000085500000, 0x0000000085500000| Untracked 
|  36|0x0000000085600000, 0x0000000085600000, 0x0000000085700000|  0%| F|  |TAMS 0x0000000085600000, 0x0000000085600000| Untracked 
|  37|0x0000000085700000, 0x0000000085700000, 0x0000000085800000|  0%| F|  |TAMS 0x0000000085700000, 0x0000000085700000| Untracked 
|  38|0x0000000085800000, 0x0000000085800000, 0x0000000085900000|  0%| F|  |TAMS 0x0000000085800000, 0x0000000085800000| Untracked 
|  39|0x0000000085900000, 0x0000000085900000, 0x0000000085a00000|  0%| F|  |TAMS 0x0000000085900000, 0x0000000085900000| Untracked 
|  40|0x0000000085a00000, 0x0000000085a00000, 0x0000000085b00000|  0%| F|  |TAMS 0x0000000085a00000, 0x0000000085a00000| Untracked 
|  41|0x0000000085b00000, 0x0000000085b00000, 0x0000000085c00000|  0%| F|  |TAMS 0x0000000085b00000, 0x0000000085b00000| Untracked 
|  42|0x0000000085c00000, 0x0000000085c00000, 0x0000000085d00000|  0%| F|  |TAMS 0x0000000085c00000, 0x0000000085c00000| Untracked 
|  43|0x0000000085d00000, 0x0000000085d00000, 0x0000000085e00000|  0%| F|  |TAMS 0x0000000085d00000, 0x0000000085d00000| Untracked 
|  44|0x0000000085e00000, 0x0000000085e00000, 0x0000000085f00000|  0%| F|  |TAMS 0x0000000085e00000, 0x0000000085e00000| Untracked 
|  45|0x0000000085f00000, 0x0000000085f00000, 0x0000000086000000|  0%| F|  |TAMS 0x0000000085f00000, 0x0000000085f00000| Untracked 
|  46|0x0000000086000000, 0x0000000086000000, 0x0000000086100000|  0%| F|  |TAMS 0x0000000086000000, 0x0000000086000000| Untracked 
|  47|0x0000000086100000, 0x0000000086100000, 0x0000000086200000|  0%| F|  |TAMS 0x0000000086100000, 0x0000000086100000| Untracked 
|  48|0x0000000086200000, 0x0000000086200000, 0x0000000086300000|  0%| F|  |TAMS 0x0000000086200000, 0x0000000086200000| Untracked 
|  49|0x0000000086300000, 0x0000000086300000, 0x0000000086400000|  0%| F|  |TAMS 0x0000000086300000, 0x0000000086300000| Untracked 
|  50|0x0000000086400000, 0x0000000086400000, 0x0000000086500000|  0%| F|  |TAMS 0x0000000086400000, 0x0000000086400000| Untracked 
|  51|0x0000000086500000, 0x0000000086500000, 0x0000000086600000|  0%| F|  |TAMS 0x0000000086500000, 0x0000000086500000| Untracked 
|  52|0x0000000086600000, 0x0000000086600000, 0x0000000086700000|  0%| F|  |TAMS 0x0000000086600000, 0x0000000086600000| Untracked 
|  53|0x0000000086700000, 0x0000000086700000, 0x0000000086800000|  0%| F|  |TAMS 0x0000000086700000, 0x0000000086700000| Untracked 
|  54|0x0000000086800000, 0x0000000086800000, 0x0000000086900000|  0%| F|  |TAMS 0x0000000086800000, 0x0000000086800000| Untracked 
|  55|0x0000000086900000, 0x0000000086900000, 0x0000000086a00000|  0%| F|  |TAMS 0x0000000086900000, 0x0000000086900000| Untracked 
|  56|0x0000000086a00000, 0x0000000086a00000, 0x0000000086b00000|  0%| F|  |TAMS 0x0000000086a00000, 0x0000000086a00000| Untracked 
|  57|0x0000000086b00000, 0x0000000086b00000, 0x0000000086c00000|  0%| F|  |TAMS 0x0000000086b00000, 0x0000000086b00000| Untracked 
|  58|0x0000000086c00000, 0x0000000086c00000, 0x0000000086d00000|  0%| F|  |TAMS 0x0000000086c00000, 0x0000000086c00000| Untracked 
|  59|0x0000000086d00000, 0x0000000086d00000, 0x0000000086e00000|  0%| F|  |TAMS 0x0000000086d00000, 0x0000000086d00000| Untracked 
|  60|0x0000000086e00000, 0x0000000086e00000, 0x0000000086f00000|  0%| F|  |TAMS 0x0000000086e00000, 0x0000000086e00000| Untracked 
|  61|0x0000000086f00000, 0x0000000086f00000, 0x0000000087000000|  0%| F|  |TAMS 0x0000000086f00000, 0x0000000086f00000| Untracked 
|  62|0x0000000087000000, 0x0000000087000000, 0x0000000087100000|  0%| F|  |TAMS 0x0000000087000000, 0x0000000087000000| Untracked 
|  63|0x0000000087100000, 0x0000000087100000, 0x0000000087200000|  0%| F|  |TAMS 0x0000000087100000, 0x0000000087100000| Untracked 
|  64|0x0000000087200000, 0x0000000087200000, 0x0000000087300000|  0%| F|  |TAMS 0x0000000087200000, 0x0000000087200000| Untracked 
|  65|0x0000000087300000, 0x0000000087300000, 0x0000000087400000|  0%| F|  |TAMS 0x0000000087300000, 0x0000000087300000| Untracked 
|  66|0x0000000087400000, 0x0000000087400000, 0x0000000087500000|  0%| F|  |TAMS 0x0000000087400000, 0x0000000087400000| Untracked 
|  67|0x0000000087500000, 0x0000000087500000, 0x0000000087600000|  0%| F|  |TAMS 0x0000000087500000, 0x0000000087500000| Untracked 
|  68|0x0000000087600000, 0x0000000087600000, 0x0000000087700000|  0%| F|  |TAMS 0x0000000087600000, 0x0000000087600000| Untracked 
|  69|0x0000000087700000, 0x0000000087700000, 0x0000000087800000|  0%| F|  |TAMS 0x0000000087700000, 0x0000000087700000| Untracked 
|  70|0x0000000087800000, 0x0000000087800000, 0x0000000087900000|  0%| F|  |TAMS 0x0000000087800000, 0x0000000087800000| Untracked 
|  71|0x0000000087900000, 0x0000000087900000, 0x0000000087a00000|  0%| F|  |TAMS 0x0000000087900000, 0x0000000087900000| Untracked 
|  72|0x0000000087a00000, 0x0000000087a00000, 0x0000000087b00000|  0%| F|  |TAMS 0x0000000087a00000, 0x0000000087a00000| Untracked 
|  73|0x0000000087b00000, 0x0000000087b00000, 0x0000000087c00000|  0%| F|  |TAMS 0x0000000087b00000, 0x0000000087b00000| Untracked 
|  74|0x0000000087c00000, 0x0000000087c00000, 0x0000000087d00000|  0%| F|  |TAMS 0x0000000087c00000, 0x0000000087c00000| Untracked 
|  75|0x0000000087d00000, 0x0000000087d00000, 0x0000000087e00000|  0%| F|  |TAMS 0x0000000087d00000, 0x0000000087d00000| Untracked 
|  76|0x0000000087e00000, 0x0000000087e00000, 0x0000000087f00000|  0%| F|  |TAMS 0x0000000087e00000, 0x0000000087e00000| Untracked 
|  77|0x0000000087f00000, 0x0000000087f00000, 0x0000000088000000|  0%| F|  |TAMS 0x0000000087f00000, 0x0000000087f00000| Untracked 
|  78|0x0000000088000000, 0x0000000088000000, 0x0000000088100000|  0%| F|  |TAMS 0x0000000088000000, 0x0000000088000000| Untracked 
|  79|0x0000000088100000, 0x0000000088100000, 0x0000000088200000|  0%| F|  |TAMS 0x0000000088100000, 0x0000000088100000| Untracked 
|  80|0x0000000088200000, 0x0000000088200000, 0x0000000088300000|  0%| F|  |TAMS 0x0000000088200000, 0x0000000088200000| Untracked 
|  81|0x0000000088300000, 0x0000000088300000, 0x0000000088400000|  0%| F|  |TAMS 0x0000000088300000, 0x0000000088300000| Untracked 
|  82|0x0000000088400000, 0x0000000088400000, 0x0000000088500000|  0%| F|  |TAMS 0x0000000088400000, 0x0000000088400000| Untracked 
|  83|0x0000000088500000, 0x0000000088500000, 0x0000000088600000|  0%| F|  |TAMS 0x0000000088500000, 0x0000000088500000| Untracked 
|  84|0x0000000088600000, 0x0000000088600000, 0x0000000088700000|  0%| F|  |TAMS 0x0000000088600000, 0x0000000088600000| Untracked 
|  85|0x0000000088700000, 0x0000000088700000, 0x0000000088800000|  0%| F|  |TAMS 0x0000000088700000, 0x0000000088700000| Untracked 
|  86|0x0000000088800000, 0x0000000088800000, 0x0000000088900000|  0%| F|  |TAMS 0x0000000088800000, 0x0000000088800000| Untracked 
|  87|0x0000000088900000, 0x0000000088900000, 0x0000000088a00000|  0%| F|  |TAMS 0x0000000088900000, 0x0000000088900000| Untracked 
|  88|0x0000000088a00000, 0x0000000088a00000, 0x0000000088b00000|  0%| F|  |TAMS 0x0000000088a00000, 0x0000000088a00000| Untracked 
|  89|0x0000000088b00000, 0x0000000088b00000, 0x0000000088c00000|  0%| F|  |TAMS 0x0000000088b00000, 0x0000000088b00000| Untracked 
|  90|0x0000000088c00000, 0x0000000088c00000, 0x0000000088d00000|  0%| F|  |TAMS 0x0000000088c00000, 0x0000000088c00000| Untracked 
|  91|0x0000000088d00000, 0x0000000088d00000, 0x0000000088e00000|  0%| F|  |TAMS 0x0000000088d00000, 0x0000000088d00000| Untracked 
|  92|0x0000000088e00000, 0x0000000088e00000, 0x0000000088f00000|  0%| F|  |TAMS 0x0000000088e00000, 0x0000000088e00000| Untracked 
|  93|0x0000000088f00000, 0x0000000088f00000, 0x0000000089000000|  0%| F|  |TAMS 0x0000000088f00000, 0x0000000088f00000| Untracked 
|  94|0x0000000089000000, 0x0000000089000000, 0x0000000089100000|  0%| F|  |TAMS 0x0000000089000000, 0x0000000089000000| Untracked 
|  95|0x0000000089100000, 0x0000000089100000, 0x0000000089200000|  0%| F|  |TAMS 0x0000000089100000, 0x0000000089100000| Untracked 
|  96|0x0000000089200000, 0x0000000089200000, 0x0000000089300000|  0%| F|  |TAMS 0x0000000089200000, 0x0000000089200000| Untracked 
|  97|0x0000000089300000, 0x0000000089300000, 0x0000000089400000|  0%| F|  |TAMS 0x0000000089300000, 0x0000000089300000| Untracked 
|  98|0x0000000089400000, 0x0000000089400000, 0x0000000089500000|  0%| F|  |TAMS 0x0000000089400000, 0x0000000089400000| Untracked 
|  99|0x0000000089500000, 0x0000000089500000, 0x0000000089600000|  0%| F|  |TAMS 0x0000000089500000, 0x0000000089500000| Untracked 
| 100|0x0000000089600000, 0x0000000089600000, 0x0000000089700000|  0%| F|  |TAMS 0x0000000089600000, 0x0000000089600000| Untracked 
| 101|0x0000000089700000, 0x0000000089700000, 0x0000000089800000|  0%| F|  |TAMS 0x0000000089700000, 0x0000000089700000| Untracked 
| 102|0x0000000089800000, 0x0000000089800000, 0x0000000089900000|  0%| F|  |TAMS 0x0000000089800000, 0x0000000089800000| Untracked 
| 103|0x0000000089900000, 0x0000000089900000, 0x0000000089a00000|  0%| F|  |TAMS 0x0000000089900000, 0x0000000089900000| Untracked 
| 104|0x0000000089a00000, 0x0000000089a00000, 0x0000000089b00000|  0%| F|  |TAMS 0x0000000089a00000, 0x0000000089a00000| Untracked 
| 105|0x0000000089b00000, 0x0000000089b00000, 0x0000000089c00000|  0%| F|  |TAMS 0x0000000089b00000, 0x0000000089b00000| Untracked 
| 106|0x0000000089c00000, 0x0000000089c00000, 0x0000000089d00000|  0%| F|  |TAMS 0x0000000089c00000, 0x0000000089c00000| Untracked 
| 107|0x0000000089d00000, 0x0000000089e00000, 0x0000000089e00000|100%| S|CS|TAMS 0x0000000089d00000, 0x0000000089d00000| Complete 
| 108|0x0000000089e00000, 0x0000000089f00000, 0x0000000089f00000|100%| S|CS|TAMS 0x0000000089e00000, 0x0000000089e00000| Complete 
| 109|0x0000000089f00000, 0x000000008a000000, 0x000000008a000000|100%| S|CS|TAMS 0x0000000089f00000, 0x0000000089f00000| Complete 
| 110|0x000000008a000000, 0x000000008a000000, 0x000000008a100000|  0%| F|  |TAMS 0x000000008a000000, 0x000000008a000000| Untracked 
| 111|0x000000008a100000, 0x000000008a100000, 0x000000008a200000|  0%| F|  |TAMS 0x000000008a100000, 0x000000008a100000| Untracked 
| 112|0x000000008a200000, 0x000000008a200000, 0x000000008a300000|  0%| F|  |TAMS 0x000000008a200000, 0x000000008a200000| Untracked 
| 113|0x000000008a300000, 0x000000008a300000, 0x000000008a400000|  0%| F|  |TAMS 0x000000008a300000, 0x000000008a300000| Untracked 
| 114|0x000000008a400000, 0x000000008a400000, 0x000000008a500000|  0%| F|  |TAMS 0x000000008a400000, 0x000000008a400000| Untracked 
| 115|0x000000008a500000, 0x000000008a500000, 0x000000008a600000|  0%| F|  |TAMS 0x000000008a500000, 0x000000008a500000| Untracked 
| 116|0x000000008a600000, 0x000000008a600000, 0x000000008a700000|  0%| F|  |TAMS 0x000000008a600000, 0x000000008a600000| Untracked 
| 117|0x000000008a700000, 0x000000008a700000, 0x000000008a800000|  0%| F|  |TAMS 0x000000008a700000, 0x000000008a700000| Untracked 
| 118|0x000000008a800000, 0x000000008a800000, 0x000000008a900000|  0%| F|  |TAMS 0x000000008a800000, 0x000000008a800000| Untracked 
| 119|0x000000008a900000, 0x000000008a900000, 0x000000008aa00000|  0%| F|  |TAMS 0x000000008a900000, 0x000000008a900000| Untracked 
| 120|0x000000008aa00000, 0x000000008aa00000, 0x000000008ab00000|  0%| F|  |TAMS 0x000000008aa00000, 0x000000008aa00000| Untracked 
| 121|0x000000008ab00000, 0x000000008ab00800, 0x000000008ac00000|  0%| E|  |TAMS 0x000000008ab00000, 0x000000008ab00000| Complete 
| 122|0x000000008ac00000, 0x000000008ad00000, 0x000000008ad00000|100%| E|CS|TAMS 0x000000008ac00000, 0x000000008ac00000| Complete 
| 123|0x000000008ad00000, 0x000000008ae00000, 0x000000008ae00000|100%| E|CS|TAMS 0x000000008ad00000, 0x000000008ad00000| Complete 
| 124|0x000000008ae00000, 0x000000008af00000, 0x000000008af00000|100%| E|CS|TAMS 0x000000008ae00000, 0x000000008ae00000| Complete 
| 125|0x000000008af00000, 0x000000008b000000, 0x000000008b000000|100%| E|CS|TAMS 0x000000008af00000, 0x000000008af00000| Complete 

Card table byte_map: [0x0000021174ff0000,0x00000211753e0000] _byte_map_base: 0x0000021174bd7000

Marking Bits (Prev, Next): (CMBitMap*) 0x000002115d3c8180, (CMBitMap*) 0x000002115d3c8148
 Prev Bits: [0x0000021177710000, 0x0000021179648000)
 Next Bits: [0x00000211757d0000, 0x0000021177708000)

Polling page: 0x000002115b390000

Metaspace:

Usage:
  Non-class:     18.96 MB capacity,    18.73 MB ( 99%) used,   174.39 KB ( <1%) free+waste,    56.56 KB ( <1%) overhead. 
      Class:      2.57 MB capacity,     2.34 MB ( 91%) used,   205.93 KB (  8%) free+waste,    29.31 KB (  1%) overhead. 
       Both:     21.52 MB capacity,    21.07 MB ( 98%) used,   380.32 KB (  2%) free+waste,    85.88 KB ( <1%) overhead. 

Virtual space:
  Non-class space:       20.00 MB reserved,      19.00 MB ( 95%) committed 
      Class space:        1.00 GB reserved,       2.62 MB ( <1%) committed 
             Both:        1.02 GB reserved,      21.62 MB (  2%) committed 

Chunk freelists:
   Non-Class:  5.50 KB
       Class:  3.63 KB
        Both:  9.13 KB

CodeHeap 'non-profiled nmethods': size=120000Kb used=488Kb max_used=488Kb free=119511Kb
 bounds [0x000002116d180000, 0x000002116d3f0000, 0x00000211746b0000]
CodeHeap 'profiled nmethods': size=120000Kb used=2466Kb max_used=2473Kb free=117533Kb
 bounds [0x0000021165c50000, 0x0000021165ec0000, 0x000002116d180000]
CodeHeap 'non-nmethods': size=5760Kb used=1259Kb max_used=1274Kb free=4500Kb
 bounds [0x00000211656b0000, 0x0000021165920000, 0x0000021165c50000]
 total_blobs=2271 nmethods=1362 adapters=566
 compilation: enabled
              stopped_count=0, restarted_count=0
 full_count=0

Compilation events (10 events):
Event: 1.538 Thread 0x000002117dd1f800 nmethod 1356 0x000002116d1f7d10 code [0x000002116d1f7f00, 0x000002116d1f8c48]
Event: 1.640 Thread 0x000002117cb24800 1366       3       jdk.internal.util.ArraysSupport::mismatch (72 bytes)
Event: 1.640 Thread 0x000002117cb24800 nmethod 1366 0x0000021165eb9810 code [0x0000021165eb9a00, 0x0000021165eb9e18]
Event: 1.673 Thread 0x000002117cb24800 1367       3       org.netbeans.lib.profiler.server.ProfilerRuntimeSampler$Sampling::writeThreadInfoNoChange (86 bytes)
Event: 1.673 Thread 0x000002117cb24800 nmethod 1367 0x0000021165eba010 code [0x0000021165eba200, 0x0000021165eba570]
Event: 1.714 Thread 0x000002117cb7f800 1368       4       java.util.HashMap::put (13 bytes)
Event: 1.720 Thread 0x000002117cb7f800 nmethod 1368 0x000002116d1f9210 code [0x000002116d1f9400, 0x000002116d1f9bd0]
Event: 1.912 Thread 0x000002117cb7f800 1369       4       java.util.HashMap::get (23 bytes)
Event: 1.914 Thread 0x000002117cb7f800 nmethod 1369 0x000002116d1fa110 code [0x000002116d1fa2c0, 0x000002116d1fa548]
Event: 1.914 Thread 0x000002117cb24800 1372       3       java.io.ObjectInputStream$BlockDataInputStream::readInt (73 bytes)

GC Heap History (2 events):
Event: 1.464 GC heap before
{Heap before GC invocations=0 (full 0):
 garbage-first heap   total 129024K, used 18432K [0x0000000083200000, 0x0000000100000000)
  region size 1024K, 16 young (16384K), 0 survivors (0K)
 Metaspace       used 20727K, capacity 21165K, committed 21248K, reserved 1069056K
  class space    used 2299K, capacity 2529K, committed 2560K, reserved 1048576K
}
Event: 1.471 GC heap after
{Heap after GC invocations=1 (full 0):
 garbage-first heap   total 129024K, used 6962K [0x0000000083200000, 0x0000000100000000)
  region size 1024K, 3 young (3072K), 3 survivors (3072K)
 Metaspace       used 20727K, capacity 21165K, committed 21248K, reserved 1069056K
  class space    used 2299K, capacity 2529K, committed 2560K, reserved 1048576K
}

Deoptimization events (10 events):
Event: 1.289 Thread 0x000002115d386800 Uncommon trap: reason=unstable_if action=reinterpret pc=0x000002116d1bdd14 method=java.util.HashMap.hash(Ljava/lang/Object;)I @ 1 c2
Event: 1.291 Thread 0x000002115d386800 Uncommon trap: reason=bimorphic_or_optimized_type_check action=maybe_recompile pc=0x000002116d1a99e0 method=java.util.HashMap.putVal(ILjava/lang/Object;Ljava/lang/Object;ZZ)Ljava/lang/Object; @ 91 c2
Event: 1.291 Thread 0x000002115d386800 Uncommon trap: reason=bimorphic_or_optimized_type_check action=maybe_recompile pc=0x000002116d1a99e0 method=java.util.HashMap.putVal(ILjava/lang/Object;Ljava/lang/Object;ZZ)Ljava/lang/Object; @ 91 c2
Event: 1.291 Thread 0x000002115d386800 Uncommon trap: reason=bimorphic_or_optimized_type_check action=maybe_recompile pc=0x000002116d1a99e0 method=java.util.HashMap.putVal(ILjava/lang/Object;Ljava/lang/Object;ZZ)Ljava/lang/Object; @ 91 c2
Event: 1.291 Thread 0x000002115d386800 Uncommon trap: reason=bimorphic_or_optimized_type_check action=maybe_recompile pc=0x000002116d1a99e0 method=java.util.HashMap.putVal(ILjava/lang/Object;Ljava/lang/Object;ZZ)Ljava/lang/Object; @ 91 c2
Event: 1.313 Thread 0x000002117eea1800 Uncommon trap: reason=intrinsic_or_type_checked_inlining action=make_not_entrant pc=0x000002116d1d2b78 method=java.util.Arrays.copyOf([Ljava/lang/Object;ILjava/lang/Class;)[Ljava/lang/Object; @ 35 c2
Event: 1.336 Thread 0x000002117eea1800 Uncommon trap: reason=unstable_if action=reinterpret pc=0x000002116d1cf268 method=java.util.HashMap.getNode(ILjava/lang/Object;)Ljava/util/HashMap$Node; @ 84 c2
Event: 1.336 Thread 0x000002117eea1800 Uncommon trap: reason=unstable_if action=reinterpret pc=0x000002116d1d69f4 method=java.util.HashMap.getNode(ILjava/lang/Object;)Ljava/util/HashMap$Node; @ 84 c2
Event: 1.482 Thread 0x000002117eea1800 Uncommon trap: reason=unstable_if action=reinterpret pc=0x000002116d1d0558 method=java.lang.ref.ReferenceQueue.poll()Ljava/lang/ref/Reference; @ 4 c2
Event: 1.528 Thread 0x000002117eea1800 Uncommon trap: reason=unstable_if action=reinterpret pc=0x000002116d1f021c method=java.awt.MultipleGradientPaintContext.indexIntoGradientsArrays(F)I @ 13 c2

Classes redefined (0 events):
No events

Internal exceptions (10 events):
Event: 1.416 Thread 0x000002117eea1800 Exception <a 'java/io/FileNotFoundException'{0x000000008a085478}> (0x000000008a085478) thrown at [t:/workspace/open/src/hotspot/share/prims/jni.cpp, line 615]
Event: 1.416 Thread 0x000002117eea1800 Exception <a 'java/io/FileNotFoundException'{0x000000008a087250}> (0x000000008a087250) thrown at [t:/workspace/open/src/hotspot/share/prims/jni.cpp, line 615]
Event: 1.416 Thread 0x000002117eea1800 Exception <a 'java/io/FileNotFoundException'{0x000000008a088ff8}> (0x000000008a088ff8) thrown at [t:/workspace/open/src/hotspot/share/prims/jni.cpp, line 615]
Event: 1.416 Thread 0x000002117eea1800 Exception <a 'java/io/FileNotFoundException'{0x000000008a08adb0}> (0x000000008a08adb0) thrown at [t:/workspace/open/src/hotspot/share/prims/jni.cpp, line 615]
Event: 1.418 Thread 0x000002117eea1800 Exception <a 'java/io/FileNotFoundException'{0x000000008a0a2e78}> (0x000000008a0a2e78) thrown at [t:/workspace/open/src/hotspot/share/prims/jni.cpp, line 615]
Event: 1.419 Thread 0x000002117eea1800 Exception <a 'java/io/FileNotFoundException'{0x000000008a0a4c28}> (0x000000008a0a4c28) thrown at [t:/workspace/open/src/hotspot/share/prims/jni.cpp, line 615]
Event: 1.419 Thread 0x000002117eea1800 Exception <a 'java/io/FileNotFoundException'{0x000000008a0a69d0}> (0x000000008a0a69d0) thrown at [t:/workspace/open/src/hotspot/share/prims/jni.cpp, line 615]
Event: 1.419 Thread 0x000002117eea1800 Exception <a 'java/io/FileNotFoundException'{0x000000008a0a87a8}> (0x000000008a0a87a8) thrown at [t:/workspace/open/src/hotspot/share/prims/jni.cpp, line 615]
Event: 1.419 Thread 0x000002117eea1800 Exception <a 'java/io/FileNotFoundException'{0x000000008a0aa550}> (0x000000008a0aa550) thrown at [t:/workspace/open/src/hotspot/share/prims/jni.cpp, line 615]
Event: 1.419 Thread 0x000002117eea1800 Exception <a 'java/io/FileNotFoundException'{0x000000008a0ac308}> (0x000000008a0ac308) thrown at [t:/workspace/open/src/hotspot/share/prims/jni.cpp, line 615]

Events (10 events):
Event: 1.914 loading class org/netbeans/lib/profiler/wireprotocol/GetMethodNamesForJMethodIdsCommand done
Event: 1.914 Thread 0x000002117cb25800 flushing nmethod 0x0000021165c50010
Event: 1.914 Thread 0x000002117cb25800 flushing nmethod 0x0000021165c50510
Event: 1.914 Thread 0x000002117cb25800 flushing nmethod 0x0000021165c50910
Event: 1.914 Thread 0x000002117cb25800 flushing nmethod 0x0000021165c51a90
Event: 1.914 Thread 0x000002117cb25800 flushing nmethod 0x0000021165c53690
Event: 1.914 Thread 0x000002117cb25800 flushing nmethod 0x0000021165c58c10
Event: 1.914 Thread 0x000002117cb25800 flushing nmethod 0x0000021165c64c90
Event: 1.914 Thread 0x000002117cb25800 flushing nmethod 0x0000021165c7a210
Event: 1.914 Thread 0x000002117cb25800 flushing nmethod 0x0000021165c7a690


Dynamic libraries:
0x00007ff6a55d0000 - 0x00007ff6a5617000 	C:\Java\jdk-11.0.2\bin\java.exe
0x00007fffaf9c0000 - 0x00007fffafbad000 	C:\WINDOWS\SYSTEM32\ntdll.dll
0x00007fffaf180000 - 0x00007fffaf233000 	C:\WINDOWS\System32\KERNEL32.DLL
0x00007fffac2b0000 - 0x00007fffac543000 	C:\WINDOWS\System32\KERNELBASE.dll
0x00007fffacd60000 - 0x00007ffface03000 	C:\WINDOWS\System32\ADVAPI32.dll
0x00007fffacc10000 - 0x00007fffaccae000 	C:\WINDOWS\System32\msvcrt.dll
0x00007fffaee60000 - 0x00007fffaeefe000 	C:\WINDOWS\System32\sechost.dll
0x00007fffaead0000 - 0x00007fffaebf2000 	C:\WINDOWS\System32\RPCRT4.dll
0x00007ffface10000 - 0x00007fffacfa7000 	C:\WINDOWS\System32\USER32.dll
0x00007fffac6a0000 - 0x00007fffac6c0000 	C:\WINDOWS\System32\win32u.dll
0x00007fffaf470000 - 0x00007fffaf499000 	C:\WINDOWS\System32\GDI32.dll
0x00007fffac7c0000 - 0x00007fffac95a000 	C:\WINDOWS\System32\gdi32full.dll
0x00007fffac600000 - 0x00007fffac6a0000 	C:\WINDOWS\System32\msvcp_win.dll
0x00007fffac6c0000 - 0x00007fffac7ba000 	C:\WINDOWS\System32\ucrtbase.dll
0x00007fff97260000 - 0x00007fff974d9000 	C:\WINDOWS\WinSxS\amd64_microsoft.windows.common-controls_6595b64144ccf1df_6.0.17763.557_none_05b63f68071e5b9f\COMCTL32.dll
0x00007fffa79a0000 - 0x00007fffa79aa000 	C:\WINDOWS\SYSTEM32\VERSION.dll
0x00007fffacfb0000 - 0x00007fffad2dc000 	C:\WINDOWS\System32\combase.dll
0x00007fffacb40000 - 0x00007fffacbbe000 	C:\WINDOWS\System32\bcryptPrimitives.dll
0x00007fffae930000 - 0x00007fffae95e000 	C:\WINDOWS\System32\IMM32.DLL
0x00007fffa80a0000 - 0x00007fffa80b6000 	C:\Java\jdk-11.0.2\bin\vcruntime140.dll
0x00007fff943a0000 - 0x00007fff9444a000 	C:\Java\jdk-11.0.2\bin\msvcp140.dll
0x00007fff444d0000 - 0x00007fff44ff7000 	C:\Java\jdk-11.0.2\bin\server\jvm.dll
0x00007fffaef00000 - 0x00007fffaef08000 	C:\WINDOWS\System32\PSAPI.DLL
0x00007fff9bad0000 - 0x00007fff9bad9000 	C:\WINDOWS\SYSTEM32\WSOCK32.dll
0x00007fffa00d0000 - 0x00007fffa00f4000 	C:\WINDOWS\SYSTEM32\WINMM.dll
0x00007fffaedf0000 - 0x00007fffaee5d000 	C:\WINDOWS\System32\WS2_32.dll
0x00007fff9f780000 - 0x00007fff9f7ad000 	C:\WINDOWS\SYSTEM32\winmmbase.dll
0x00007fffac550000 - 0x00007fffac59a000 	C:\WINDOWS\System32\cfgmgr32.dll
0x00007fffaba20000 - 0x00007fffaba31000 	C:\WINDOWS\System32\kernel.appcore.dll
0x00007fffa8080000 - 0x00007fffa8091000 	C:\Java\jdk-11.0.2\bin\verify.dll
0x00007fffa51e0000 - 0x00007fffa53cd000 	C:\WINDOWS\SYSTEM32\DBGHELP.DLL
0x00007fffa4db0000 - 0x00007fffa4dda000 	C:\WINDOWS\SYSTEM32\dbgcore.DLL
0x00007fffa5db0000 - 0x00007fffa5dd9000 	C:\Java\jdk-11.0.2\bin\java.dll
0x00007fffa6df0000 - 0x00007fffa6dff000 	D:\netbeans\profiler\lib\deployed\jdk16\windows-amd64\profilerinterface.dll
0x00007fffa8060000 - 0x00007fffa8076000 	C:\Java\jdk-11.0.2\bin\zip.dll
0x00007fffa6810000 - 0x00007fffa681a000 	C:\Java\jdk-11.0.2\bin\jimage.dll
0x00007fffad2e0000 - 0x00007fffae7d0000 	C:\WINDOWS\System32\SHELL32.dll
0x00007fffaefe0000 - 0x00007fffaf088000 	C:\WINDOWS\System32\shcore.dll
0x00007fffaba90000 - 0x00007fffac1da000 	C:\WINDOWS\System32\windows.storage.dll
0x00007fffaba60000 - 0x00007fffaba84000 	C:\WINDOWS\System32\profapi.dll
0x00007fffab9c0000 - 0x00007fffaba1d000 	C:\WINDOWS\System32\powrprof.dll
0x00007fffaf930000 - 0x00007fffaf982000 	C:\WINDOWS\System32\shlwapi.dll
0x00007fffac290000 - 0x00007fffac2a7000 	C:\WINDOWS\System32\cryptsp.dll
0x00007fffa5c80000 - 0x00007fffa5c99000 	C:\Java\jdk-11.0.2\bin\net.dll
0x00007fffa7170000 - 0x00007fffa7261000 	C:\WINDOWS\SYSTEM32\WINHTTP.dll
0x00007fff9f4a0000 - 0x00007fff9f677000 	C:\WINDOWS\SYSTEM32\urlmon.dll
0x00007fff9f150000 - 0x00007fff9f3f8000 	C:\WINDOWS\SYSTEM32\iertutil.dll
0x00007fffab3c0000 - 0x00007fffab3cc000 	C:\WINDOWS\SYSTEM32\CRYPTBASE.DLL
0x00007fffab200000 - 0x00007fffab267000 	C:\WINDOWS\system32\mswsock.dll
0x00007fffa2a90000 - 0x00007fffa2aa3000 	C:\Java\jdk-11.0.2\bin\nio.dll
0x00007fffa5da0000 - 0x00007fffa5da9000 	C:\Java\jdk-11.0.2\bin\management.dll
0x00007fffa45b0000 - 0x00007fffa45bc000 	C:\Java\jdk-11.0.2\bin\management_ext.dll
0x00007fffaadc0000 - 0x00007fffaadf3000 	C:\WINDOWS\system32\rsaenh.dll
0x00007fffacbc0000 - 0x00007fffacbe6000 	C:\WINDOWS\System32\bcrypt.dll
0x00007fffab8c0000 - 0x00007fffab8e8000 	C:\WINDOWS\SYSTEM32\USERENV.dll
0x00007fffaaf70000 - 0x00007fffaafad000 	C:\WINDOWS\SYSTEM32\IPHLPAPI.DLL
0x00007fffaf170000 - 0x00007fffaf178000 	C:\WINDOWS\System32\NSI.dll
0x00007fffa3610000 - 0x00007fffa3626000 	C:\WINDOWS\SYSTEM32\dhcpcsvc6.DLL
0x00007fffa35f0000 - 0x00007fffa360c000 	C:\WINDOWS\SYSTEM32\dhcpcsvc.DLL
0x00007fffaafb0000 - 0x00007fffab076000 	C:\WINDOWS\SYSTEM32\DNSAPI.dll
0x00007fff94200000 - 0x00007fff9439f000 	C:\Java\jdk-11.0.2\bin\awt.dll
0x00007fffaef10000 - 0x00007fffaefd4000 	C:\WINDOWS\System32\OLEAUT32.dll
0x00007fffa8d90000 - 0x00007fffa934e000 	C:\WINDOWS\SYSTEM32\d2d1.dll
0x00007fffa9c20000 - 0x00007fffa9cac000 	C:\WINDOWS\SYSTEM32\apphelp.dll
0x00007fffa9d50000 - 0x00007fffa9dec000 	C:\WINDOWS\system32\uxtheme.dll
0x00007fffae960000 - 0x00007fffaeacb000 	C:\WINDOWS\System32\MSCTF.dll
0x00007fffaa2b0000 - 0x00007fffaa2de000 	C:\WINDOWS\system32\dwmapi.dll
0x00007fffac960000 - 0x00007fffacb3b000 	C:\WINDOWS\System32\CRYPT32.dll
0x00007fffaba40000 - 0x00007fffaba52000 	C:\WINDOWS\System32\MSASN1.dll
0x00007fffae7d0000 - 0x00007fffae925000 	C:\WINDOWS\System32\ole32.dll
0x00007fff94180000 - 0x00007fff94200000 	C:\Java\jdk-11.0.2\bin\freetype.dll
0x00007fff94110000 - 0x00007fff9417f000 	C:\Java\jdk-11.0.2\bin\fontmanager.dll
0x00007fff9e290000 - 0x00007fff9e3b7000 	C:\WINDOWS\system32\opengl32.dll
0x00007fff9d140000 - 0x00007fff9d16c000 	C:\WINDOWS\SYSTEM32\GLU32.dll
0x00007fffaccb0000 - 0x00007fffacd52000 	C:\WINDOWS\System32\clbcatq.dll
0x00007fff8aa10000 - 0x00007fff8abc8000 	C:\WINDOWS\SYSTEM32\WindowsCodecs.dll
0x00007fff76220000 - 0x00007fff76276000 	C:\WINDOWS\system32\dataexchange.dll
0x00007fffa8a20000 - 0x00007fffa8c9e000 	C:\WINDOWS\system32\d3d11.dll
0x00007fffa9350000 - 0x00007fffa9513000 	C:\WINDOWS\system32\dcomp.dll
0x00007fffaa6e0000 - 0x00007fffaa7a2000 	C:\WINDOWS\system32\dxgi.dll
0x00007fffaa050000 - 0x00007fffaa25d000 	C:\WINDOWS\system32\twinapi.appcore.dll
0x00007fffaa260000 - 0x00007fffaa288000 	C:\WINDOWS\system32\RMCLIENT.dll
0x00007fff8b390000 - 0x00007fff8b425000 	C:\WINDOWS\System32\TextInputFramework.dll
0x00007fff8af30000 - 0x00007fff8b252000 	C:\WINDOWS\System32\CoreUIComponents.dll
0x00007fffa9890000 - 0x00007fffa9972000 	C:\WINDOWS\System32\CoreMessaging.dll
0x00007fffaaa20000 - 0x00007fffaaa51000 	C:\WINDOWS\SYSTEM32\ntmarta.dll
0x00007fffa7b20000 - 0x00007fffa7c73000 	C:\WINDOWS\SYSTEM32\wintypes.dll

dbghelp: loaded successfully - version: 4.0.5 - missing functions: none
symbol engine: initialized successfully - sym options: 0x614 - pdb path: .;C:\Java\jdk-11.0.2\bin;C:\WINDOWS\SYSTEM32;C:\WINDOWS\WinSxS\amd64_microsoft.windows.common-controls_6595b64144ccf1df_6.0.17763.557_none_05b63f68071e5b9f;C:\Java\jdk-11.0.2\bin\server;D:\netbeans\profiler\lib\deployed\jdk16\windows-amd64

VM Arguments:
jvm_args: -agentpath:D:/netbeans/profiler/lib/deployed/jdk16/windows-amd64/profilerinterface.dll=D:\netbeans\profiler\lib,5140,10 -XX:+HeapDumpOnOutOfMemoryError -XX:HeapDumpPath=D:\Sam\Pictures\Mane Game\ManeGame\nbproject\private\profiler 
java_command: com.manegame.NewUserForm
java_class_path (initial): D:\Sam\Pictures\Mane Game\ManeGame\target\classes;C:\Users\Sam\.m2\repository\net\proteanit\sql\rs2xml\1.0\rs2xml-1.0.jar;C:\Users\Sam\.m2\repository\junit\junit\4.12\junit-4.12.jar;C:\Users\Sam\.m2\repository\org\hamcrest\hamcrest-core\1.3\hamcrest-core-1.3.jar;C:\Users\Sam\.m2\repository\org\apache\maven\shared\maven-shared-utils\3.2.1\maven-shared-utils-3.2.1.jar;C:\Users\Sam\.m2\repository\commons-io\commons-io\2.5\commons-io-2.5.jar;C:\Users\Sam\.m2\repository\org\xerial\sqlite-jdbc\3.27.2.1\sqlite-jdbc-3.27.2.1.jar
Launcher Type: SUN_STANDARD

[Global flags]
     intx CICompilerCount                          = 4                                         {product} {ergonomic}
     uint ConcGCThreads                            = 3                                         {product} {ergonomic}
     uint G1ConcRefinementThreads                  = 10                                        {product} {ergonomic}
   size_t G1HeapRegionSize                         = 1048576                                   {product} {ergonomic}
    uintx GCDrainStackTargetSize                   = 64                                        {product} {ergonomic}
     bool HeapDumpOnOutOfMemoryError               = true                                   {manageable} {command line}
    ccstr HeapDumpPath                             = D:\Sam\Pictures\Mane Game\ManeGame\nbproject\private\profiler         {manageable} {command line}
   size_t InitialHeapSize                          = 132120576                                 {product} {ergonomic}
   size_t MarkStackSize                            = 4194304                                   {product} {ergonomic}
   size_t MaxHeapSize                              = 2095054848                                {product} {ergonomic}
   size_t MaxNewSize                               = 1256194048                                {product} {ergonomic}
   size_t MinHeapDeltaBytes                        = 1048576                                   {product} {ergonomic}
    uintx NonNMethodCodeHeapSize                   = 5835340                                {pd product} {ergonomic}
    uintx NonProfiledCodeHeapSize                  = 122911450                              {pd product} {ergonomic}
    uintx ProfiledCodeHeapSize                     = 122911450                              {pd product} {ergonomic}
    uintx ReservedCodeCacheSize                    = 251658240                              {pd product} {ergonomic}
     bool SegmentedCodeCache                       = true                                      {product} {ergonomic}
     bool UseCompressedClassPointers               = true                                 {lp64_product} {ergonomic}
     bool UseCompressedOops                        = true                                 {lp64_product} {ergonomic}
     bool UseG1GC                                  = true                                      {product} {ergonomic}
     bool UseLargePagesIndividualAllocation        = false                                  {pd product} {ergonomic}

Logging:
Log output configuration:
 #0: stdout all=warning uptime,level,tags
 #1: stderr all=off uptime,level,tags

Environment Variables:
JAVA_HOME=C:\Java\jdk-11.0.2
CLASSPATH=C:\Users\Sam\.m2\repository\net\proteanit\sql
PATH=C:\Program Files\Microsoft MPI\Bin\;C:\Windows\system32;C:\Windows;C:\Windows\System32\Wbem;C:\Windows\System32\WindowsPowerShell\v1.0\;C:\Program Files (x86)\NVIDIA Corporation\PhysX\Common;C:\Program Files\Java\jdk-10.0.2\bin;C:\Program Files\dotnet\;C:\Program Files (x86)\mingw-w64\i686-8.1.0-posix-dwarf-rt_v6-rev0\mingw32\bin;C:\Program Files\Microsoft SQL Server\130\Tools\Binn\;C:\MinGW\bin;C:\Program Files\Notepad++;C:\Program Files\Intel\WiFi\bin\;C:\Program Files\Common Files\Intel\WirelessCommon\;C:\WINDOWS\system32;C:\WINDOWS;C:\WINDOWS\System32\Wbem;C:\WINDOWS\System32\WindowsPowerShell\v1.0\;C:\WINDOWS\System32\OpenSSH\;C:\TDM-GCC-64\bin;C:\Program Files\NVIDIA Corporation\NVIDIA NvDLISR;C:\Java\apache-maven-3.6.0\apache-maven-3.6.0\bin;M2_HOME=C:\Java\apache-maven-3.6.0\apache-maven-3.6.0;C:\Java\Java JRE;C:\Program Files\Git\cmd;C:\Java\jdk-11.0.2\bin;C:\WINDOWS\system32;C:\WINDOWS;C:\WINDOWS\System32\Wbem;C:\WINDOWS\System32\WindowsPowerShell\v1.0\;C:\WINDOWS\System32\OpenSSH\;C:\Java\sqlite;C:\Users\Sam\.m2;C:\Program Files (x86)\PuTTY\;C:\Program Files (x86)\Intel\Intel(R) Management Engine Components\DAL;C:\Program Files\Intel\Intel(R) Management Engine Components\DAL;C:\Users\Sam\AppData\Local\Microsoft\WindowsApps;%IntelliJ IDEA%;C:\Java;C:\Java\jdk-11.0.2\bin
USERNAME=Sam
OS=Windows_NT
PROCESSOR_IDENTIFIER=Intel64 Family 6 Model 158 Stepping 10, GenuineIntel



---------------  S Y S T E M  ---------------

OS: Windows 10 , 64 bit Build 17763 (10.0.17763.475)

CPU:total 12 (initial active 12) (6 cores per cpu, 2 threads per core) family 6 model 158 stepping 10, cmov, cx8, fxsr, mmx, sse, sse2, sse3, ssse3, sse4.1, sse4.2, popcnt, avx, avx2, aes, clmul, erms, 3dnowpref, lzcnt, ht, tsc, tscinvbit, bmi1, bmi2, adx, fma

Memory: 4k page, system-wide physical 7986M (1767M free)
TotalPageFile size 25714M (AvailPageFile size 16123M)
current process WorkingSet (physical memory assigned to process): 110M, peak: 111M
current process commit charge ("private bytes"): 257M, peak: 262M

vm_info: Java HotSpot(TM) 64-Bit Server VM (11.0.2+9-LTS) for windows-amd64 JRE (11.0.2+9-LTS), built on Jan 18 2019 05:24:10 by "mach5one" with MS VC++ 15.5 (VS2017)

END.
